This is pdfTeX, Version 3.141592653-2.6-1.40.24 (MiKTeX 22.1) (preloaded format=pdflatex 2025.10.6)  6 OCT 2025 12:07
entering extended mode
 restricted \write18 enabled.
 %&-line parsing enabled.
**"./clanok .tex"
(clanok .tex
LaTeX2e <2025-06-01> patch level 1
L3 programming layer <2025-09-02>

(/Users/maksimshlokin/Library/Application Support/MiKTeX/texmfs/install/tex/lat
ex/coursepaper/coursepaper.cls
Document Class: coursepaper 2003/08/19 v2.0

(/Users/maksimshlokin/Library/Application Support/MiKTeX/texmfs/install/tex/lat
ex/base/ifthen.sty
Package: ifthen 2024/03/16 v1.1e Standard LaTeX ifthen package (DPC)
)
(/Users/maksimshlokin/Library/Application Support/MiKTeX/texmfs/install/tex/lat
ex/base/article.cls
Document Class: article 2025/01/22 v1.4n Standard LaTeX document class

(/Users/maksimshlokin/Library/Application Support/MiKTeX/texmfs/install/tex/lat
ex/base/size10.clo
File: size10.clo 2025/01/22 v1.4n Standard LaTeX file (size option)
)
\c@part=\count275
\c@section=\count276
\c@subsection=\count277
\c@subsubsection=\count278
\c@paragraph=\count279
\c@subparagraph=\count280
\c@figure=\count281
\c@table=\count282
\abovecaptionskip=\skip49
\belowcaptionskip=\skip50
\bibindent=\dimen148
))
(/Users/maksimshlokin/Library/Application Support/MiKTeX/texmfs/install/tex/gen
eric/babel/babel.sty
Package: babel 2025/08/03 v25.12 The multilingual framework for LuaLaTeX, pdfLa
TeX and XeLaTeX
\babel@savecnt=\count283
LaTeX Encoding Info:    Redeclaring text command \ij (encoding OT1) on input li
ne 2045.
LaTeX Encoding Info:    Redeclaring text command \IJ (encoding OT1) on input li
ne 2047.
LaTeX Encoding Info:    Redeclaring text command \ij (encoding T1) on input lin
e 2049.
LaTeX Encoding Info:    Redeclaring text command \IJ (encoding T1) on input lin
e 2050.
LaTeX Encoding Info:    Ignoring declaration for text command \ij (encoding ?) 
on input line 2051.
LaTeX Encoding Info:    Ignoring declaration for text command \IJ (encoding ?) 
on input line 2053.
LaTeX Encoding Info:    Ignoring declaration for text command \SS (encoding ?) 
on input line 2078.
\U@D=\dimen149
\l@unhyphenated=\language1

(/Users/maksimshlokin/Library/Application Support/MiKTeX/texmfs/install/tex/gen
eric/babel/txtbabel.def)
\bbl@readstream=\read2
\bbl@dirlevel=\count284

*************************************
* Local config file bblopts.cfg used
*

(/Users/maksimshlokin/Library/Application Support/MiKTeX/texmfs/install/tex/lat
ex/arabi/bblopts.cfg
File: bblopts.cfg 2005/09/08 v0.1 add Arabic and Farsi to "declared" options of
 babel
)
(/Users/maksimshlokin/Library/Application Support/MiKTeX/texmfs/install/tex/lat
ex/babel-slovak/slovak.ldf
Language: slovak 2008/07/06 v3.1a Slovak support from the babel system

(/Users/maksimshlokin/Library/Application Support/MiKTeX/texmfs/install/tex/gen
eric/babel/locale/sk/babel-slovak.tex
Package babel Info: Importing font and identification data for slovak
(babel)             from babel-sk.ini. Reported on input line 12.
)

Package babel Warning: No hyphenation patterns were preloaded for
(babel)                the language 'Slovak' into the format.
(babel)                Please, configure your TeX system to add them and
(babel)                rebuild the format. Now I will use the patterns
(babel)                preloaded for \language=0 instead on input line 56.

Package babel Info: Making ^ an active character on input line 123.
Package babel Info: Making " an active character on input line 126.
Package babel Info: Making ' an active character on input line 129.
\cs@wordlen=\count285
Package babel Info: Making - an active character on input line 294.
))
(/Users/maksimshlokin/Library/Application Support/MiKTeX/texmfs/install/tex/lat
ex/base/fontenc.sty
Package: fontenc 2024/12/21 v2.1c Standard LaTeX package

(/Users/maksimshlokin/Library/Application Support/MiKTeX/texmfs/install/tex/csl
atex/base/il2enc.def
File: il2enc.def 1997/08/20 CSLaTeX
Now handling font encoding IL2 ...
... no UTF-8 mapping file for font encoding IL2
)
LaTeX Font Info:    Trying to load font information for IL2+cmr on input line 1
16.

(/Users/maksimshlokin/Library/Application Support/MiKTeX/texmfs/install/tex/csl
atex/base/il2cmr.fd
File: il2cmr.fd 1997/02/06 CSLaTeX font definitions
))
(/Users/maksimshlokin/Library/Application Support/MiKTeX/texmfs/install/tex/lat
ex/base/inputenc.sty
Package: inputenc 2024/02/08 v1.3d Input encoding file
\inpenc@prehook=\toks17
\inpenc@posthook=\toks18
)
(/Users/maksimshlokin/Library/Application Support/MiKTeX/texmfs/install/tex/lat
ex/graphics/graphicx.sty
Package: graphicx 2024/12/31 v1.2e Enhanced LaTeX Graphics (DPC,SPQR)

(/Users/maksimshlokin/Library/Application Support/MiKTeX/texmfs/install/tex/lat
ex/graphics/keyval.sty
Package: keyval 2022/05/29 v1.15 key=value parser (DPC)
\KV@toks@=\toks19
)
(/Users/maksimshlokin/Library/Application Support/MiKTeX/texmfs/install/tex/lat
ex/graphics/graphics.sty
Package: graphics 2024/08/06 v1.4g Standard LaTeX Graphics (DPC,SPQR)

(/Users/maksimshlokin/Library/Application Support/MiKTeX/texmfs/install/tex/lat
ex/graphics/trig.sty
Package: trig 2023/12/02 v1.11 sin cos tan (DPC)
)
(/Users/maksimshlokin/Library/Application Support/MiKTeX/texmfs/install/tex/lat
ex/graphics-cfg/graphics.cfg
File: graphics.cfg 2016/06/04 v1.11 sample graphics configuration
)
Package graphics Info: Driver file: pdftex.def on input line 106.

(/Users/maksimshlokin/Library/Application Support/MiKTeX/texmfs/install/tex/lat
ex/graphics-def/pdftex.def
File: pdftex.def 2024/04/13 v1.2c Graphics/color driver for pdftex
))
\Gin@req@height=\dimen150
\Gin@req@width=\dimen151
)
(/Users/maksimshlokin/Library/Application Support/MiKTeX/texmfs/install/tex/lat
ex/url/url.sty
\Urlmuskip=\muskip17
Package: url 2013/09/16  ver 3.4  Verb mode for urls, etc.
)
(/Users/maksimshlokin/Library/Application Support/MiKTeX/texmfs/install/tex/lat
ex/hyperref/hyperref.sty
Package: hyperref 2025-07-12 v7.01o Hypertext links for LaTeX

(/Users/maksimshlokin/Library/Application Support/MiKTeX/texmfs/install/tex/gen
eric/iftex/iftex.sty
Package: iftex 2024/12/12 v1.0g TeX engine tests
)
(/Users/maksimshlokin/Library/Application Support/MiKTeX/texmfs/install/tex/lat
ex/kvsetkeys/kvsetkeys.sty
Package: kvsetkeys 2022-10-05 v1.19 Key value parser (HO)
)
(/Users/maksimshlokin/Library/Application Support/MiKTeX/texmfs/install/tex/gen
eric/kvdefinekeys/kvdefinekeys.sty
Package: kvdefinekeys 2019-12-19 v1.6 Define keys (HO)
)
(/Users/maksimshlokin/Library/Application Support/MiKTeX/texmfs/install/tex/gen
eric/pdfescape/pdfescape.sty
Package: pdfescape 2019/12/09 v1.15 Implements pdfTeX's escape features (HO)

(/Users/maksimshlokin/Library/Application Support/MiKTeX/texmfs/install/tex/gen
eric/ltxcmds/ltxcmds.sty
Package: ltxcmds 2023-12-04 v1.26 LaTeX kernel commands for general use (HO)
)
(/Users/maksimshlokin/Library/Application Support/MiKTeX/texmfs/install/tex/gen
eric/pdftexcmds/pdftexcmds.sty
Package: pdftexcmds 2020-06-27 v0.33 Utility functions of pdfTeX for LuaTeX (HO
)

(/Users/maksimshlokin/Library/Application Support/MiKTeX/texmfs/install/tex/gen
eric/infwarerr/infwarerr.sty
Package: infwarerr 2019/12/03 v1.5 Providing info/warning/error messages (HO)
)
Package pdftexcmds Info: \pdf@primitive is available.
Package pdftexcmds Info: \pdf@ifprimitive is available.
Package pdftexcmds Info: \pdfdraftmode found.
))
(/Users/maksimshlokin/Library/Application Support/MiKTeX/texmfs/install/tex/lat
ex/hycolor/hycolor.sty
Package: hycolor 2020-01-27 v1.10 Color options for hyperref/bookmark (HO)
)
(/Users/maksimshlokin/Library/Application Support/MiKTeX/texmfs/install/tex/lat
ex/hyperref/nameref.sty
Package: nameref 2025-06-21 v2.57 Cross-referencing by name of section

(/Users/maksimshlokin/Library/Application Support/MiKTeX/texmfs/install/tex/lat
ex/refcount/refcount.sty
Package: refcount 2019/12/15 v3.6 Data extraction from label references (HO)
)
(/Users/maksimshlokin/Library/Application Support/MiKTeX/texmfs/install/tex/gen
eric/gettitlestring/gettitlestring.sty
Package: gettitlestring 2019/12/15 v1.6 Cleanup title references (HO)

(/Users/maksimshlokin/Library/Application Support/MiKTeX/texmfs/install/tex/lat
ex/kvoptions/kvoptions.sty
Package: kvoptions 2022-06-15 v3.15 Key value format for package options (HO)
))
\c@section@level=\count286
)
(/Users/maksimshlokin/Library/Application Support/MiKTeX/texmfs/install/tex/lat
ex/etoolbox/etoolbox.sty
Package: etoolbox 2025/02/11 v2.5l e-TeX tools for LaTeX (JAW)
\etb@tempcnta=\count287
)
(/Users/maksimshlokin/Library/Application Support/MiKTeX/texmfs/install/tex/gen
eric/stringenc/stringenc.sty
Package: stringenc 2019/11/29 v1.12 Convert strings between diff. encodings (HO
)
)
\@linkdim=\dimen152
\Hy@linkcounter=\count288
\Hy@pagecounter=\count289

(/Users/maksimshlokin/Library/Application Support/MiKTeX/texmfs/install/tex/lat
ex/hyperref/pd1enc.def
File: pd1enc.def 2025-07-12 v7.01o Hyperref: PDFDocEncoding definition (HO)
Now handling font encoding PD1 ...
... no UTF-8 mapping file for font encoding PD1
)
(/Users/maksimshlokin/Library/Application Support/MiKTeX/texmfs/install/tex/gen
eric/intcalc/intcalc.sty
Package: intcalc 2019/12/15 v1.3 Expandable calculations with integers (HO)
)
\Hy@SavedSpaceFactor=\count290

(/Users/maksimshlokin/Library/Application Support/MiKTeX/texmfs/install/tex/lat
ex/hyperref/puenc.def
File: puenc.def 2025-07-12 v7.01o Hyperref: PDF Unicode definition (HO)
Now handling font encoding PU ...
... no UTF-8 mapping file for font encoding PU
)
Package hyperref Info: Hyper figures OFF on input line 4195.
Package hyperref Info: Link nesting OFF on input line 4200.
Package hyperref Info: Hyper index ON on input line 4203.
Package hyperref Info: Plain pages OFF on input line 4210.
Package hyperref Info: Backreferencing OFF on input line 4215.
Package hyperref Info: Implicit mode ON; LaTeX internals redefined.
Package hyperref Info: Bookmarks ON on input line 4462.
\c@Hy@tempcnt=\count291
LaTeX Info: Redefining \url on input line 4801.
\XeTeXLinkMargin=\dimen153

(/Users/maksimshlokin/Library/Application Support/MiKTeX/texmfs/install/tex/gen
eric/bitset/bitset.sty
Package: bitset 2019/12/09 v1.3 Handle bit-vector datatype (HO)

(/Users/maksimshlokin/Library/Application Support/MiKTeX/texmfs/install/tex/gen
eric/bigintcalc/bigintcalc.sty
Package: bigintcalc 2019/12/15 v1.5 Expandable calculations on big integers (HO
)
))
\Fld@menulength=\count292
\Field@Width=\dimen154
\Fld@charsize=\dimen155
Package hyperref Info: Hyper figures OFF on input line 6078.
Package hyperref Info: Link nesting OFF on input line 6083.
Package hyperref Info: Hyper index ON on input line 6086.
Package hyperref Info: backreferencing OFF on input line 6093.
Package hyperref Info: Link coloring OFF on input line 6098.
Package hyperref Info: Link coloring with OCG OFF on input line 6103.
Package hyperref Info: PDF/A mode OFF on input line 6108.
\Hy@abspage=\count293
\c@Item=\count294
\c@Hfootnote=\count295
)
Package hyperref Info: Driver (autodetected): hpdftex.

(/Users/maksimshlokin/Library/Application Support/MiKTeX/texmfs/install/tex/lat
ex/hyperref/hpdftex.def
File: hpdftex.def 2025-07-12 v7.01o Hyperref driver for pdfTeX
\Fld@listcount=\count296
\c@bookmark@seq@number=\count297

(/Users/maksimshlokin/Library/Application Support/MiKTeX/texmfs/install/tex/lat
ex/rerunfilecheck/rerunfilecheck.sty
Package: rerunfilecheck 2025-06-21 v1.11 Rerun checks for auxiliary files (HO)

(/Users/maksimshlokin/Library/Application Support/MiKTeX/texmfs/install/tex/gen
eric/uniquecounter/uniquecounter.sty
Package: uniquecounter 2019/12/15 v1.4 Provide unlimited unique counter (HO)
)
Package uniquecounter Info: New unique counter `rerunfilecheck' on input line 2
84.
)
\Hy@SectionHShift=\skip51
)
(/Users/maksimshlokin/Library/Application Support/MiKTeX/texmfs/install/tex/lat
ex/cite/cite.sty
LaTeX Info: Redefining \cite on input line 302.
LaTeX Info: Redefining \nocite on input line 332.
Package: cite 2015/02/27  v 5.5
)
(/Users/maksimshlokin/Library/Application Support/MiKTeX/texmfs/install/tex/lat
ex/l3backend/l3backend-pdftex.def
File: l3backend-pdftex.def 2025-06-09 L3 backend support: PDF output (pdfTeX)
\l__color_backend_stack_int=\count298
) (clanok .aux)
\openout1 = `"clanok .aux"'.

LaTeX Font Info:    Checking defaults for OML/cmm/m/it on input line 30.
LaTeX Font Info:    ... okay on input line 30.
LaTeX Font Info:    Checking defaults for OMS/cmsy/m/n on input line 30.
LaTeX Font Info:    ... okay on input line 30.
LaTeX Font Info:    Checking defaults for OT1/cmr/m/n on input line 30.
LaTeX Font Info:    ... okay on input line 30.
LaTeX Font Info:    Checking defaults for T1/cmr/m/n on input line 30.
LaTeX Font Info:    ... okay on input line 30.
LaTeX Font Info:    Checking defaults for TS1/cmr/m/n on input line 30.
LaTeX Font Info:    ... okay on input line 30.
LaTeX Font Info:    Checking defaults for OMX/cmex/m/n on input line 30.
LaTeX Font Info:    ... okay on input line 30.
LaTeX Font Info:    Checking defaults for U/cmr/m/n on input line 30.
LaTeX Font Info:    ... okay on input line 30.
LaTeX Font Info:    Checking defaults for IL2/cmr/m/n on input line 30.
LaTeX Font Info:    ... okay on input line 30.
LaTeX Font Info:    Checking defaults for PD1/pdf/m/n on input line 30.
LaTeX Font Info:    ... okay on input line 30.
LaTeX Font Info:    Checking defaults for PU/pdf/m/n on input line 30.
LaTeX Font Info:    ... okay on input line 30.
Package babel Info: 'slovak' activates 'slovak' shorthands.
(babel)             Reported on input line 30.

(/Users/maksimshlokin/Library/Application Support/MiKTeX/texmfs/install/tex/con
text/base/mkii/supp-pdf.mkii
[Loading MPS to PDF converter (version 2006.09.02).]
\scratchcounter=\count299
\scratchdimen=\dimen156
\scratchbox=\box53
\nofMPsegments=\count300
\nofMParguments=\count301
\everyMPshowfont=\toks20
\MPscratchCnt=\count302
\MPscratchDim=\dimen157
\MPnumerator=\count303
\makeMPintoPDFobject=\count304
\everyMPtoPDFconversion=\toks21
)
(/Users/maksimshlokin/Library/Application Support/MiKTeX/texmfs/install/tex/lat
ex/epstopdf-pkg/epstopdf-base.sty
Package: epstopdf-base 2020-01-24 v2.11 Base part for package epstopdf
Package epstopdf-base Info: Redefining graphics rule for `.eps' on input line 4
85.

(/Users/maksimshlokin/Library/Application Support/MiKTeX/texmfs/install/tex/lat
ex/00miktex/epstopdf-sys.cfg
File: epstopdf-sys.cfg 2021/03/18 v2.0 Configuration of epstopdf for MiKTeX
))
Package hyperref Info: Link coloring OFF on input line 30.
 (clanok .out) (clanok .out)
\@outlinefile=\write3
\openout3 = `"clanok .out"'.

LaTeX Font Info:    Trying to load font information for IL2+cmss on input line 
33.

(/Users/maksimshlokin/Library/Application Support/MiKTeX/texmfs/install/tex/csl
atex/base/il2cmss.fd
File: il2cmss.fd 1997/02/13 CsLaTeX font definitions
)
LaTeX Font Info:    External font `cmex10' loaded for size
(Font)              <17.28> on input line 33.
LaTeX Font Info:    External font `cmex10' loaded for size
(Font)              <12> on input line 33.
LaTeX Font Info:    Trying to load font information for IL2+cmtt on input line 
33.

(/Users/maksimshlokin/Library/Application Support/MiKTeX/texmfs/install/tex/csl
atex/base/il2cmtt.fd
File: il2cmtt.fd 1997/08/20 CSLaTeX font definitions
)
LaTeX Font Info:    External font `cmex10' loaded for size
(Font)              <8> on input line 33.
LaTeX Font Info:    External font `cmex10' loaded for size
(Font)              <6> on input line 33.
LaTeX Font Info:    External font `cmex10' loaded for size
(Font)              <5> on input line 33.


! LaTeX Error: File `novy.tex' not found.

Type X to quit or <RETURN> to proceed,
or enter new name. (Default extension: tex)

Enter file name: 

(/Users/maksimshlokin/Library/Application Support/MiKTeX/texmfs/install/tex/lat
ex/tools/.tex File ignored)

LaTeX Warning: Reference `nejaka' on page 1 undefined on input line 48.


LaTeX Warning: Reference `dolezita' on page 1 undefined on input line 49.


LaTeX Warning: Reference `dolezitejsia' on page 1 undefined on input line 49.


LaTeX Warning: Reference `zaver' on page 1 undefined on input line 50.

<diagram_max.pdf, id=3, 140.525pt x 180.675pt>
File: diagram_max.pdf Graphic file (type pdf)
<use diagram_max.pdf>
Package pdftex.def Info: diagram_max.pdf  used on input line 53.
(pdftex.def)             Requested size: 140.52464pt x 180.67455pt.

Underfull \vbox (badness 1668) has occurred while \output is active []



[1

{/Users/maksimshlokin/Library/Application Support/MiKTeX/texmfs/data/fonts/map/
pdftex/pdftex.map}]

LaTeX Warning: Reference `f:rozhod' on page 2 undefined on input line 56.


LaTeX Warning: Reference `ina:nejake' on page 2 undefined on input line 70.


LaTeX Warning: Reference `ina:nejake' on page 2 undefined on input line 70.

LaTeX Font Info:    External font `cmex10' loaded for size
(Font)              <7> on input line 70.

LaTeX Warning: Citation `Coplien:MPD' on page 2 undefined on input line 72.


LaTeX Warning: Citation `Czarnecki:Staged' on page 2 undefined on input line 72
.


LaTeX Warning: Citation `Czarnecki:Progress' on page 2 undefined on input line 
72.


LaTeX Warning: Citation `PLP-Framework' on page 2 undefined on input line 72.



Package babel Info: 'slovak' activates 'slovak' shorthands.
(babel)             Reported on input line 85.
[2 <./diagram_max.pdf>]
Overfull \hbox (8.0297pt too wide) in paragraph at lines 103--104
 []\IL2/cmr/bx/n/10 Ve^^b5mi d^^f4le^^beit^^e1 pozn^^e1mka.[] \IL2/cmr/m/n/10 N
iekedy je potrebn^^e9 nadpisom ozna^^e8i^^bb odsek. Text pokra^^e8uje hne^^ef z
a nadpisom. 
 []

No file "clanok ".bbl.


[3] (clanok .aux)
 ***********
LaTeX2e <2025-06-01> patch level 1
L3 programming layer <2025-09-02>
 ***********


LaTeX Warning: There were undefined references.


LaTeX Warning: Label(s) may have changed. Rerun to get cross-references right.


Package rerunfilecheck Warning: File `"clanok ".out' has changed.
(rerunfilecheck)                Rerun to get outlines right
(rerunfilecheck)                or use package `bookmark'.

Package rerunfilecheck Info: Checksums for `"clanok ".out':
(rerunfilecheck)             Before: D41D8CD98F00B204E9800998ECF8427E;0
(rerunfilecheck)             After:  E84A7D58B29946E6659FC71A6AD8CE73;1187.
 ) 
Here is how much of TeX's memory you used:
 10339 strings out of 470071
 167636 string characters out of 5479704
 573688 words of memory out of 5000000
 38564 multiletter control sequences out of 15000+600000
 640621 words of font info for 72 fonts, out of 8000000 for 9000
 0 hyphenation exceptions out of 8191
 75i,8n,79p,345b,635s stack positions out of 10000i,1000n,20000p,200000b,200000s
 </Users/maksimshlokin/Library/Application Support/MiKTeX/texmfs/data/fonts/p
k/ljfour/public/csfonts/dpi600/csr6.pk> </Users/maksimshlokin/Library/Applicati
on Support/MiKTeX/texmfs/data/fonts/pk/ljfour/jknappen/ec/dpi600/tcrm1000.pk> <
/Users/maksimshlokin/Library/Application Support/MiKTeX/texmfs/data/fonts/pk/lj
four/public/csfonts/dpi600/csti10.pk> </Users/maksimshlokin/Library/Application
 Support/MiKTeX/texmfs/data/fonts/pk/ljfour/public/csfonts/dpi600/csr7.pk> </Us
ers/maksimshlokin/Library/Application Support/MiKTeX/texmfs/data/fonts/pk/ljfou
r/public/csfonts/dpi600/cstt10.pk> </Users/maksimshlokin/Library/Application Su
pport/MiKTeX/texmfs/data/fonts/pk/ljfour/public/csfonts/dpi600/cssl10.pk> </Use
rs/maksimshlokin/Library/Application Support/MiKTeX/texmfs/data/fonts/pk/ljfour
/public/csfonts/dpi600/csr8.pk> </Users/maksimshlokin/Library/Application Suppo
rt/MiKTeX/texmfs/data/fonts/pk/ljfour/jknappen/ec/dpi600/tcrm0600.pk> </Users/m
aksimshlokin/Library/Application Support/MiKTeX/texmfs/data/fonts/pk/ljfour/pub
lic/csfonts/dpi600/csbx10.pk> </Users/maksimshlokin/Library/Application Support
/MiKTeX/texmfs/data/fonts/pk/ljfour/public/csfonts/dpi600/csr10.pk> </Users/mak
simshlokin/Library/Application Support/MiKTeX/texmfs/data/fonts/pk/ljfour/publi
c/csfonts/dpi600/csbx12.pk> </Users/maksimshlokin/Library/Application Support/M
iKTeX/texmfs/data/fonts/pk/ljfour/public/csfonts/dpi600/csr9.pk> </Users/maksim
shlokin/Library/Application Support/MiKTeX/texmfs/data/fonts/pk/ljfour/public/c
sfonts/dpi600/csbx9.pk> </Users/maksimshlokin/Library/Application Support/MiKTe
X/texmfs/data/fonts/pk/ljfour/public/csfonts/dpi600/csss10.pk> </Users/maksimsh
lokin/Library/Application Support/MiKTeX/texmfs/data/fonts/pk/ljfour/public/csf
onts/dpi600/cstt9.pk> </Users/maksimshlokin/Library/Application Support/MiKTeX/
texmfs/data/fonts/pk/ljfour/public/csfonts/dpi600/csss9.pk> </Users/maksimshlok
in/Library/Application Support/MiKTeX/texmfs/data/fonts/pk/ljfour/public/csfont
s/dpi600/csss12.pk> </Users/maksimshlokin/Library/Application Support/MiKTeX/te
xmfs/data/fonts/pk/ljfour/jknappen/ec/dpi600/tcrm1200.pk> </Users/maksimshlokin
/Library/Application Support/MiKTeX/texmfs/data/fonts/pk/ljfour/public/csfonts/
dpi600/csss17.pk>
Output written on "clanok .pdf" (3 pages, 120735 bytes).
PDF statistics:
 433 PDF objects out of 1000 (max. 8388607)
 20 named destinations out of 1000 (max. 500000)
 6 words of extra memory for PDF output out of 10000 (max. 10000000)

